<?xml version="1.0" encoding="UTF-8"?>
<!-- Generated by org.testng.reporters.JUnitReportReporter -->
<testsuite hostname="DESKTOP-AP6G8HS" failures="0" tests="1" name="earlyReadersAddtoCart.HomePage" time="56.198" errors="0" timestamp="2023-01-24T13:34:20 AEDT" skipped="0">
  <testcase classname="earlyReadersAddtoCart.HomePage" name="HomePageActions" time="56.198"/>
  <system-out/>
</testsuite> <!-- earlyReadersAddtoCart.HomePage -->
